<?xml version="1.0" encoding="UTF-8"?>
<coverage generated="1478719201579" clover="3.2.0">
  <project timestamp="1478719201580" name="All files">
    <metrics statements="87" coveredstatements="21" conditionals="171" coveredconditionals="5" methods="54" coveredmethods="3" elements="312" coveredelements="29" complexity="0" loc="87" ncloc="87" packages="4" files="10" classes="10">
      <package name="js">
        <metrics statements="2" coveredstatements="0" conditionals="4" coveredconditionals="0" methods="1" coveredmethods="0"/>
        <file name="routes.js" path="C:\Users\viclon\Desktop\projects\react-redux-router\src\js\routes.js">
          <metrics statements="2" coveredstatements="0" conditionals="4" coveredconditionals="0" methods="1" coveredmethods="0"/>
          <line num="1" count="0" type="stmt"/>
          <line num="8" count="0" type="stmt"/>
        </file>
      </package>
      <package name="js.actions">
        <metrics statements="22" coveredstatements="12" conditionals="7" coveredconditionals="1" methods="8" coveredmethods="2"/>
        <file name="index.js" path="C:\Users\viclon\Desktop\projects\react-redux-router\src\js\actions\index.js">
          <metrics statements="22" coveredstatements="12" conditionals="7" coveredconditionals="1" methods="8" coveredmethods="2"/>
          <line num="3" count="1" type="stmt"/>
          <line num="6" count="1" type="stmt"/>
          <line num="8" count="1" type="stmt"/>
          <line num="9" count="1" type="stmt"/>
          <line num="10" count="1" type="stmt"/>
          <line num="11" count="1" type="stmt"/>
          <line num="15" count="4" type="stmt"/>
          <line num="23" count="1" type="stmt"/>
          <line num="26" count="1" type="stmt"/>
          <line num="29" count="1" type="stmt"/>
          <line num="32" count="1" type="stmt"/>
          <line num="36" count="4" type="stmt"/>
          <line num="37" count="0" type="stmt"/>
          <line num="38" count="0" type="stmt"/>
          <line num="39" count="0" type="stmt"/>
          <line num="40" count="0" type="stmt"/>
          <line num="41" count="0" type="stmt"/>
          <line num="43" count="0" type="stmt"/>
          <line num="44" count="0" type="stmt"/>
          <line num="45" count="0" type="stmt"/>
          <line num="46" count="0" type="stmt"/>
          <line num="49" count="0" type="stmt"/>
        </file>
      </package>
      <package name="js.components">
        <metrics statements="28" coveredstatements="0" conditionals="139" coveredconditionals="0" methods="40" coveredmethods="0"/>
        <file name="app.js" path="C:\Users\viclon\Desktop\projects\react-redux-router\src\js\components\app.js">
          <metrics statements="4" coveredstatements="0" conditionals="33" coveredconditionals="0" methods="10" coveredmethods="0"/>
          <line num="1" count="0" type="stmt"/>
          <line num="4" count="0" type="stmt"/>
          <line num="6" count="0" type="stmt"/>
          <line num="11" count="0" type="stmt"/>
        </file>
        <file name="no-page.js" path="C:\Users\viclon\Desktop\projects\react-redux-router\src\js\components\no-page.js">
          <metrics statements="4" coveredstatements="0" conditionals="33" coveredconditionals="0" methods="10" coveredmethods="0"/>
          <line num="1" count="0" type="stmt"/>
          <line num="4" count="0" type="stmt"/>
          <line num="6" count="0" type="stmt"/>
          <line num="11" count="0" type="stmt"/>
        </file>
        <file name="post_index.js" path="C:\Users\viclon\Desktop\projects\react-redux-router\src\js\components\post_index.js">
          <metrics statements="6" coveredstatements="0" conditionals="21" coveredconditionals="0" methods="6" coveredmethods="0"/>
          <line num="1" count="0" type="stmt"/>
          <line num="8" count="0" type="stmt"/>
          <line num="11" count="0" type="stmt"/>
          <line num="12" count="0" type="stmt"/>
          <line num="45" count="0" type="stmt"/>
          <line num="63" count="0" type="stmt"/>
        </file>
        <file name="post_new.js" path="C:\Users\viclon\Desktop\projects\react-redux-router\src\js\components\post_new.js">
          <metrics statements="8" coveredstatements="0" conditionals="31" coveredconditionals="0" methods="8" coveredmethods="0"/>
          <line num="1" count="0" type="stmt"/>
          <line num="6" count="0" type="stmt"/>
          <line num="8" count="0" type="stmt"/>
          <line num="10" count="0" type="stmt"/>
          <line num="11" count="0" type="stmt"/>
          <line num="16" count="0" type="stmt"/>
          <line num="111" count="0" type="stmt"/>
          <line num="116" count="0" type="stmt"/>
        </file>
        <file name="post_show.js" path="C:\Users\viclon\Desktop\projects\react-redux-router\src\js\components\post_show.js">
          <metrics statements="6" coveredstatements="0" conditionals="21" coveredconditionals="0" methods="6" coveredmethods="0"/>
          <line num="1" count="0" type="stmt"/>
          <line num="4" count="0" type="stmt"/>
          <line num="6" count="0" type="stmt"/>
          <line num="8" count="0" type="stmt"/>
          <line num="47" count="0" type="stmt"/>
          <line num="51" count="0" type="stmt"/>
        </file>
      </package>
      <package name="js.reducers">
        <metrics statements="35" coveredstatements="9" conditionals="21" coveredconditionals="4" methods="5" coveredmethods="1"/>
        <file name="reducer_create_post.js" path="C:\Users\viclon\Desktop\projects\react-redux-router\src\js\reducers\reducer_create_post.js">
          <metrics statements="13" coveredstatements="0" conditionals="8" coveredconditionals="0" methods="2" coveredmethods="0"/>
          <line num="1" count="0" type="stmt"/>
          <line num="9" count="0" type="stmt"/>
          <line num="11" count="0" type="stmt"/>
          <line num="12" count="0" type="stmt"/>
          <line num="13" count="0" type="stmt"/>
          <line num="16" count="0" type="stmt"/>
          <line num="17" count="0" type="stmt"/>
          <line num="18" count="0" type="stmt"/>
          <line num="21" count="0" type="stmt"/>
          <line num="22" count="0" type="stmt"/>
          <line num="23" count="0" type="stmt"/>
          <line num="26" count="0" type="stmt"/>
          <line num="29" count="0" type="stmt"/>
        </file>
        <file name="reducer_show_post.js" path="C:\Users\viclon\Desktop\projects\react-redux-router\src\js\reducers\reducer_show_post.js">
          <metrics statements="9" coveredstatements="9" conditionals="5" coveredconditionals="4" methods="1" coveredmethods="1"/>
          <line num="4" count="1" type="stmt"/>
          <line num="11" count="4" type="stmt"/>
          <line num="14" count="1" type="stmt"/>
          <line num="15" count="1" type="stmt"/>
          <line num="18" count="1" type="stmt"/>
          <line num="20" count="1" type="stmt"/>
          <line num="23" count="1" type="stmt"/>
          <line num="24" count="1" type="stmt"/>
          <line num="27" count="1" type="stmt"/>
        </file>
        <file name="reducer_show_posts.js" path="C:\Users\viclon\Desktop\projects\react-redux-router\src\js\reducers\reducer_show_posts.js">
          <metrics statements="13" coveredstatements="0" conditionals="8" coveredconditionals="0" methods="2" coveredmethods="0"/>
          <line num="1" count="0" type="stmt"/>
          <line num="13" count="0" type="stmt"/>
          <line num="16" count="0" type="stmt"/>
          <line num="17" count="0" type="stmt"/>
          <line num="18" count="0" type="stmt"/>
          <line num="21" count="0" type="stmt"/>
          <line num="23" count="0" type="stmt"/>
          <line num="24" count="0" type="stmt"/>
          <line num="27" count="0" type="stmt"/>
          <line num="29" count="0" type="stmt"/>
          <line num="30" count="0" type="stmt"/>
          <line num="33" count="0" type="stmt"/>
          <line num="36" count="0" type="stmt"/>
        </file>
      </package>
    </metrics>
  </project>
</coverage>
