{"C:\\Users\\viclon\\Desktop\\projects\\react-redux-router\\src\\js\\routes.js": {"path":"C:\\Users\\viclon\\Desktop\\projects\\react-redux-router\\src\\js\\routes.js","statementMap":{"0":{"start":{"line":1,"column":39},"end":{"line":1,"column":101}},"1":{"start":{"line":8,"column":184},"end":{"line":8,"column":238}},"2":{"start":{"line":8,"column":239},"end":{"line":16,"column":207}}},"fnMap":{"0":{"name":"_interopRequireDefault","decl":{"start":{"line":8,"column":155},"end":{"line":8,"column":177}},"loc":{"start":{"line":8,"column":183},"end":{"line":8,"column":239}}}},"branchMap":{"0":{"loc":{"start":{"line":8,"column":191},"end":{"line":8,"column":237}},"type":"cond-expr","locations":[{"start":{"line":8,"column":215},"end":{"line":8,"column":218}},{"start":{"line":8,"column":221},"end":{"line":8,"column":237}}]},"1":{"loc":{"start":{"line":8,"column":191},"end":{"line":8,"column":212}},"type":"binary-expr","locations":[{"start":{"line":8,"column":191},"end":{"line":8,"column":194}},{"start":{"line":8,"column":198},"end":{"line":8,"column":212}}]}},"s":{"0":0,"1":0,"2":0},"f":{"0":0},"b":{"0":[0,0],"1":[0,0]}}
,"C:\\Users\\viclon\\Desktop\\projects\\react-redux-router\\src\\js\\actions\\index.js": {"path":"C:\\Users\\viclon\\Desktop\\projects\\react-redux-router\\src\\js\\actions\\index.js","statementMap":{"0":{"start":{"line":3,"column":17},"end":{"line":3,"column":53}},"1":{"start":{"line":6,"column":16},"end":{"line":6,"column":26}},"2":{"start":{"line":8,"column":27},"end":{"line":8,"column":57}},"3":{"start":{"line":9,"column":27},"end":{"line":9,"column":57}},"4":{"start":{"line":10,"column":26},"end":{"line":10,"column":55}},"5":{"start":{"line":11,"column":27},"end":{"line":11,"column":57}},"6":{"start":{"line":15,"column":4},"end":{"line":19,"column":6}},"7":{"start":{"line":23,"column":26},"end":{"line":23,"column":67}},"8":{"start":{"line":26,"column":26},"end":{"line":26,"column":68}},"9":{"start":{"line":29,"column":25},"end":{"line":29,"column":65}},"10":{"start":{"line":32,"column":26},"end":{"line":32,"column":70}},"11":{"start":{"line":36,"column":4},"end":{"line":52,"column":5}},"12":{"start":{"line":37,"column":20},"end":{"line":37,"column":60}},"13":{"start":{"line":38,"column":24},"end":{"line":38,"column":52}},"14":{"start":{"line":39,"column":23},"end":{"line":39,"column":72}},"15":{"start":{"line":39,"column":58},"end":{"line":39,"column":71}},"16":{"start":{"line":40,"column":8},"end":{"line":51,"column":10}},"17":{"start":{"line":41,"column":12},"end":{"line":41,"column":40}},"18":{"start":{"line":43,"column":12},"end":{"line":50,"column":15}},"19":{"start":{"line":44,"column":16},"end":{"line":44,"column":63}},"20":{"start":{"line":45,"column":16},"end":{"line":47,"column":17}},"21":{"start":{"line":46,"column":20},"end":{"line":46,"column":32}},"22":{"start":{"line":49,"column":16},"end":{"line":49,"column":51}}},"fnMap":{"0":{"name":"generateActions","decl":{"start":{"line":14,"column":16},"end":{"line":14,"column":31}},"loc":{"start":{"line":14,"column":38},"end":{"line":20,"column":1}}},"1":{"name":"generateActionCreator","decl":{"start":{"line":35,"column":9},"end":{"line":35,"column":30}},"loc":{"start":{"line":35,"column":82},"end":{"line":53,"column":1}}},"2":{"name":"(anonymous_2)","decl":{"start":{"line":35,"column":72},"end":{"line":35,"column":73}},"loc":{"start":{"line":35,"column":78},"end":{"line":35,"column":80}}},"3":{"name":"actionCreator","decl":{"start":{"line":36,"column":20},"end":{"line":36,"column":33}},"loc":{"start":{"line":36,"column":64},"end":{"line":52,"column":5}}},"4":{"name":"(anonymous_4)","decl":{"start":{"line":39,"column":51},"end":{"line":39,"column":52}},"loc":{"start":{"line":39,"column":58},"end":{"line":39,"column":71}}},"5":{"name":"(anonymous_5)","decl":{"start":{"line":40,"column":15},"end":{"line":40,"column":16}},"loc":{"start":{"line":40,"column":27},"end":{"line":51,"column":9}}},"6":{"name":"(anonymous_6)","decl":{"start":{"line":43,"column":25},"end":{"line":43,"column":26}},"loc":{"start":{"line":43,"column":37},"end":{"line":48,"column":13}}},"7":{"name":"(anonymous_7)","decl":{"start":{"line":48,"column":21},"end":{"line":48,"column":22}},"loc":{"start":{"line":48,"column":30},"end":{"line":50,"column":13}}}},"branchMap":{"0":{"loc":{"start":{"line":35,"column":60},"end":{"line":35,"column":80}},"type":"default-arg","locations":[{"start":{"line":35,"column":72},"end":{"line":35,"column":80}}]},"1":{"loc":{"start":{"line":36,"column":34},"end":{"line":36,"column":41}},"type":"default-arg","locations":[{"start":{"line":36,"column":39},"end":{"line":36,"column":41}}]},"2":{"loc":{"start":{"line":36,"column":43},"end":{"line":36,"column":51}},"type":"default-arg","locations":[{"start":{"line":36,"column":49},"end":{"line":36,"column":51}}]},"3":{"loc":{"start":{"line":45,"column":16},"end":{"line":47,"column":17}},"type":"if","locations":[{"start":{"line":45,"column":16},"end":{"line":47,"column":17}},{"start":{"line":45,"column":16},"end":{"line":47,"column":17}}]},"4":{"loc":{"start":{"line":45,"column":19},"end":{"line":45,"column":63}},"type":"binary-expr","locations":[{"start":{"line":45,"column":19},"end":{"line":45,"column":28}},{"start":{"line":45,"column":32},"end":{"line":45,"column":63}}]}},"s":{"0":1,"1":1,"2":1,"3":1,"4":1,"5":1,"6":4,"7":1,"8":1,"9":1,"10":1,"11":4,"12":0,"13":0,"14":0,"15":0,"16":0,"17":0,"18":0,"19":0,"20":0,"21":0,"22":0},"f":{"0":4,"1":4,"2":0,"3":0,"4":0,"5":0,"6":0,"7":0},"b":{"0":[4],"1":[0],"2":[0],"3":[0,0],"4":[0,0]},"_coverageSchema":"332fd63041d2c1bcb487cc26dd0d5f7d97098a6c","hash":"594031e9cf866b596f84e63794a31bbb1591551c"}
,"C:\\Users\\viclon\\Desktop\\projects\\react-redux-router\\src\\js\\components\\app.js": {"path":"C:\\Users\\viclon\\Desktop\\projects\\react-redux-router\\src\\js\\components\\app.js","statementMap":{"0":{"start":{"line":1,"column":39},"end":{"line":1,"column":101}},"1":{"start":{"line":1,"column":120},"end":{"line":1,"column":649}},"2":{"start":{"line":1,"column":175},"end":{"line":1,"column":440}},"3":{"start":{"line":1,"column":232},"end":{"line":1,"column":240}},"4":{"start":{"line":1,"column":241},"end":{"line":1,"column":296}},"5":{"start":{"line":1,"column":296},"end":{"line":1,"column":327}},"6":{"start":{"line":1,"column":327},"end":{"line":1,"column":381}},"7":{"start":{"line":1,"column":354},"end":{"line":1,"column":381}},"8":{"start":{"line":1,"column":381},"end":{"line":1,"column":439}},"9":{"start":{"line":1,"column":441},"end":{"line":1,"column":646}},"10":{"start":{"line":1,"column":497},"end":{"line":1,"column":565}},"11":{"start":{"line":1,"column":513},"end":{"line":1,"column":565}},"12":{"start":{"line":1,"column":565},"end":{"line":1,"column":625}},"13":{"start":{"line":1,"column":582},"end":{"line":1,"column":625}},"14":{"start":{"line":1,"column":625},"end":{"line":1,"column":644}},"15":{"start":{"line":1,"column":816},"end":{"line":1,"column":870}},"16":{"start":{"line":1,"column":920},"end":{"line":1,"column":1019}},"17":{"start":{"line":1,"column":961},"end":{"line":1,"column":1018}},"18":{"start":{"line":1,"column":1069},"end":{"line":1,"column":1168}},"19":{"start":{"line":1,"column":1081},"end":{"line":1,"column":1167}},"20":{"start":{"line":1,"column":1168},"end":{"line":1,"column":1254}},"21":{"start":{"line":1,"column":1297},"end":{"line":1,"column":1460}},"22":{"start":{"line":1,"column":1359},"end":{"line":1,"column":1459}},"23":{"start":{"line":1,"column":1460},"end":{"line":1,"column":1624}},"24":{"start":{"line":1,"column":1624},"end":{"line":1,"column":1742}},"25":{"start":{"line":1,"column":1640},"end":{"line":1,"column":1742}},"26":{"start":{"line":4,"column":6},"end":{"line":11,"column":40}},"27":{"start":{"line":4,"column":29},"end":{"line":4,"column":56}},"28":{"start":{"line":4,"column":72},"end":{"line":4,"column":99}},"29":{"start":{"line":4,"column":99},"end":{"line":4,"column":209}},"30":{"start":{"line":4,"column":210},"end":{"line":11,"column":10}},"31":{"start":{"line":6,"column":6},"end":{"line":8,"column":32}},"32":{"start":{"line":11,"column":10},"end":{"line":11,"column":21}}},"fnMap":{"0":{"name":"(anonymous_0)","decl":{"start":{"line":1,"column":120},"end":{"line":1,"column":121}},"loc":{"start":{"line":1,"column":132},"end":{"line":1,"column":647}}},"1":{"name":"defineProperties","decl":{"start":{"line":1,"column":142},"end":{"line":1,"column":158}},"loc":{"start":{"line":1,"column":174},"end":{"line":1,"column":441}}},"2":{"name":"(anonymous_2)","decl":{"start":{"line":1,"column":448},"end":{"line":1,"column":449}},"loc":{"start":{"line":1,"column":496},"end":{"line":1,"column":645}}},"3":{"name":"_interopRequireDefault","decl":{"start":{"line":1,"column":787},"end":{"line":1,"column":809}},"loc":{"start":{"line":1,"column":815},"end":{"line":1,"column":871}}},"4":{"name":"_classCallCheck","decl":{"start":{"line":1,"column":880},"end":{"line":1,"column":895}},"loc":{"start":{"line":1,"column":919},"end":{"line":1,"column":1020}}},"5":{"name":"_possibleConstructorReturn","decl":{"start":{"line":1,"column":1029},"end":{"line":1,"column":1055}},"loc":{"start":{"line":1,"column":1068},"end":{"line":1,"column":1255}}},"6":{"name":"_inherits","decl":{"start":{"line":1,"column":1264},"end":{"line":1,"column":1273}},"loc":{"start":{"line":1,"column":1296},"end":{"line":1,"column":1743}}},"7":{"name":"(anonymous_7)","decl":{"start":{"line":4,"column":6},"end":{"line":4,"column":7}},"loc":{"start":{"line":4,"column":28},"end":{"line":11,"column":22}}},"8":{"name":"App","decl":{"start":{"line":4,"column":65},"end":{"line":4,"column":68}},"loc":{"start":{"line":4,"column":71},"end":{"line":4,"column":210}}},"9":{"name":"render","decl":{"start":{"line":4,"column":262},"end":{"line":4,"column":268}},"loc":{"start":{"line":5,"column":4},"end":{"line":11,"column":5}}}},"branchMap":{"0":{"loc":{"start":{"line":1,"column":265},"end":{"line":1,"column":295}},"type":"binary-expr","locations":[{"start":{"line":1,"column":265},"end":{"line":1,"column":286}},{"start":{"line":1,"column":290},"end":{"line":1,"column":295}}]},"1":{"loc":{"start":{"line":1,"column":327},"end":{"line":1,"column":381}},"type":"if","locations":[{"start":{"line":1,"column":327},"end":{"line":1,"column":381}},{"start":{"line":1,"column":327},"end":{"line":1,"column":381}}]},"2":{"loc":{"start":{"line":1,"column":497},"end":{"line":1,"column":565}},"type":"if","locations":[{"start":{"line":1,"column":497},"end":{"line":1,"column":565}},{"start":{"line":1,"column":497},"end":{"line":1,"column":565}}]},"3":{"loc":{"start":{"line":1,"column":565},"end":{"line":1,"column":625}},"type":"if","locations":[{"start":{"line":1,"column":565},"end":{"line":1,"column":625}},{"start":{"line":1,"column":565},"end":{"line":1,"column":625}}]},"4":{"loc":{"start":{"line":1,"column":823},"end":{"line":1,"column":869}},"type":"cond-expr","locations":[{"start":{"line":1,"column":847},"end":{"line":1,"column":850}},{"start":{"line":1,"column":853},"end":{"line":1,"column":869}}]},"5":{"loc":{"start":{"line":1,"column":823},"end":{"line":1,"column":844}},"type":"binary-expr","locations":[{"start":{"line":1,"column":823},"end":{"line":1,"column":826}},{"start":{"line":1,"column":830},"end":{"line":1,"column":844}}]},"6":{"loc":{"start":{"line":1,"column":920},"end":{"line":1,"column":1019}},"type":"if","locations":[{"start":{"line":1,"column":920},"end":{"line":1,"column":1019}},{"start":{"line":1,"column":920},"end":{"line":1,"column":1019}}]},"7":{"loc":{"start":{"line":1,"column":1069},"end":{"line":1,"column":1168}},"type":"if","locations":[{"start":{"line":1,"column":1069},"end":{"line":1,"column":1168}},{"start":{"line":1,"column":1069},"end":{"line":1,"column":1168}}]},"8":{"loc":{"start":{"line":1,"column":1175},"end":{"line":1,"column":1253}},"type":"cond-expr","locations":[{"start":{"line":1,"column":1242},"end":{"line":1,"column":1246}},{"start":{"line":1,"column":1249},"end":{"line":1,"column":1253}}]},"9":{"loc":{"start":{"line":1,"column":1175},"end":{"line":1,"column":1239}},"type":"binary-expr","locations":[{"start":{"line":1,"column":1175},"end":{"line":1,"column":1179}},{"start":{"line":1,"column":1184},"end":{"line":1,"column":1208}},{"start":{"line":1,"column":1212},"end":{"line":1,"column":1238}}]},"10":{"loc":{"start":{"line":1,"column":1297},"end":{"line":1,"column":1460}},"type":"if","locations":[{"start":{"line":1,"column":1297},"end":{"line":1,"column":1460}},{"start":{"line":1,"column":1297},"end":{"line":1,"column":1460}}]},"11":{"loc":{"start":{"line":1,"column":1301},"end":{"line":1,"column":1356}},"type":"binary-expr","locations":[{"start":{"line":1,"column":1301},"end":{"line":1,"column":1333}},{"start":{"line":1,"column":1337},"end":{"line":1,"column":1356}}]},"12":{"loc":{"start":{"line":1,"column":1495},"end":{"line":1,"column":1529}},"type":"binary-expr","locations":[{"start":{"line":1,"column":1495},"end":{"line":1,"column":1505}},{"start":{"line":1,"column":1509},"end":{"line":1,"column":1529}}]},"13":{"loc":{"start":{"line":1,"column":1624},"end":{"line":1,"column":1742}},"type":"if","locations":[{"start":{"line":1,"column":1624},"end":{"line":1,"column":1742}},{"start":{"line":1,"column":1624},"end":{"line":1,"column":1742}}]},"14":{"loc":{"start":{"line":1,"column":1640},"end":{"line":1,"column":1741}},"type":"cond-expr","locations":[{"start":{"line":1,"column":1664},"end":{"line":1,"column":1707}},{"start":{"line":1,"column":1710},"end":{"line":1,"column":1741}}]},"15":{"loc":{"start":{"line":4,"column":140},"end":{"line":4,"column":183}},"type":"binary-expr","locations":[{"start":{"line":4,"column":140},"end":{"line":4,"column":153}},{"start":{"line":4,"column":157},"end":{"line":4,"column":183}}]}},"s":{"0":0,"1":0,"2":0,"3":0,"4":0,"5":0,"6":0,"7":0,"8":0,"9":0,"10":0,"11":0,"12":0,"13":0,"14":0,"15":0,"16":0,"17":0,"18":0,"19":0,"20":0,"21":0,"22":0,"23":0,"24":0,"25":0,"26":0,"27":0,"28":0,"29":0,"30":0,"31":0,"32":0},"f":{"0":0,"1":0,"2":0,"3":0,"4":0,"5":0,"6":0,"7":0,"8":0,"9":0},"b":{"0":[0,0],"1":[0,0],"2":[0,0],"3":[0,0],"4":[0,0],"5":[0,0],"6":[0,0],"7":[0,0],"8":[0,0],"9":[0,0,0],"10":[0,0],"11":[0,0],"12":[0,0],"13":[0,0],"14":[0,0],"15":[0,0]}}
,"C:\\Users\\viclon\\Desktop\\projects\\react-redux-router\\src\\js\\components\\no-page.js": {"path":"C:\\Users\\viclon\\Desktop\\projects\\react-redux-router\\src\\js\\components\\no-page.js","statementMap":{"0":{"start":{"line":1,"column":39},"end":{"line":1,"column":101}},"1":{"start":{"line":1,"column":120},"end":{"line":1,"column":649}},"2":{"start":{"line":1,"column":175},"end":{"line":1,"column":440}},"3":{"start":{"line":1,"column":232},"end":{"line":1,"column":240}},"4":{"start":{"line":1,"column":241},"end":{"line":1,"column":296}},"5":{"start":{"line":1,"column":296},"end":{"line":1,"column":327}},"6":{"start":{"line":1,"column":327},"end":{"line":1,"column":381}},"7":{"start":{"line":1,"column":354},"end":{"line":1,"column":381}},"8":{"start":{"line":1,"column":381},"end":{"line":1,"column":439}},"9":{"start":{"line":1,"column":441},"end":{"line":1,"column":646}},"10":{"start":{"line":1,"column":497},"end":{"line":1,"column":565}},"11":{"start":{"line":1,"column":513},"end":{"line":1,"column":565}},"12":{"start":{"line":1,"column":565},"end":{"line":1,"column":625}},"13":{"start":{"line":1,"column":582},"end":{"line":1,"column":625}},"14":{"start":{"line":1,"column":625},"end":{"line":1,"column":644}},"15":{"start":{"line":1,"column":816},"end":{"line":1,"column":870}},"16":{"start":{"line":1,"column":920},"end":{"line":1,"column":1019}},"17":{"start":{"line":1,"column":961},"end":{"line":1,"column":1018}},"18":{"start":{"line":1,"column":1069},"end":{"line":1,"column":1168}},"19":{"start":{"line":1,"column":1081},"end":{"line":1,"column":1167}},"20":{"start":{"line":1,"column":1168},"end":{"line":1,"column":1254}},"21":{"start":{"line":1,"column":1297},"end":{"line":1,"column":1460}},"22":{"start":{"line":1,"column":1359},"end":{"line":1,"column":1459}},"23":{"start":{"line":1,"column":1460},"end":{"line":1,"column":1624}},"24":{"start":{"line":1,"column":1624},"end":{"line":1,"column":1742}},"25":{"start":{"line":1,"column":1640},"end":{"line":1,"column":1742}},"26":{"start":{"line":4,"column":6},"end":{"line":11,"column":40}},"27":{"start":{"line":4,"column":29},"end":{"line":4,"column":56}},"28":{"start":{"line":4,"column":72},"end":{"line":4,"column":99}},"29":{"start":{"line":4,"column":99},"end":{"line":4,"column":209}},"30":{"start":{"line":4,"column":210},"end":{"line":11,"column":10}},"31":{"start":{"line":6,"column":6},"end":{"line":7,"column":188}},"32":{"start":{"line":11,"column":10},"end":{"line":11,"column":21}}},"fnMap":{"0":{"name":"(anonymous_0)","decl":{"start":{"line":1,"column":120},"end":{"line":1,"column":121}},"loc":{"start":{"line":1,"column":132},"end":{"line":1,"column":647}}},"1":{"name":"defineProperties","decl":{"start":{"line":1,"column":142},"end":{"line":1,"column":158}},"loc":{"start":{"line":1,"column":174},"end":{"line":1,"column":441}}},"2":{"name":"(anonymous_2)","decl":{"start":{"line":1,"column":448},"end":{"line":1,"column":449}},"loc":{"start":{"line":1,"column":496},"end":{"line":1,"column":645}}},"3":{"name":"_interopRequireDefault","decl":{"start":{"line":1,"column":787},"end":{"line":1,"column":809}},"loc":{"start":{"line":1,"column":815},"end":{"line":1,"column":871}}},"4":{"name":"_classCallCheck","decl":{"start":{"line":1,"column":880},"end":{"line":1,"column":895}},"loc":{"start":{"line":1,"column":919},"end":{"line":1,"column":1020}}},"5":{"name":"_possibleConstructorReturn","decl":{"start":{"line":1,"column":1029},"end":{"line":1,"column":1055}},"loc":{"start":{"line":1,"column":1068},"end":{"line":1,"column":1255}}},"6":{"name":"_inherits","decl":{"start":{"line":1,"column":1264},"end":{"line":1,"column":1273}},"loc":{"start":{"line":1,"column":1296},"end":{"line":1,"column":1743}}},"7":{"name":"(anonymous_7)","decl":{"start":{"line":4,"column":6},"end":{"line":4,"column":7}},"loc":{"start":{"line":4,"column":28},"end":{"line":11,"column":22}}},"8":{"name":"App","decl":{"start":{"line":4,"column":65},"end":{"line":4,"column":68}},"loc":{"start":{"line":4,"column":71},"end":{"line":4,"column":210}}},"9":{"name":"render","decl":{"start":{"line":4,"column":262},"end":{"line":4,"column":268}},"loc":{"start":{"line":5,"column":4},"end":{"line":11,"column":5}}}},"branchMap":{"0":{"loc":{"start":{"line":1,"column":265},"end":{"line":1,"column":295}},"type":"binary-expr","locations":[{"start":{"line":1,"column":265},"end":{"line":1,"column":286}},{"start":{"line":1,"column":290},"end":{"line":1,"column":295}}]},"1":{"loc":{"start":{"line":1,"column":327},"end":{"line":1,"column":381}},"type":"if","locations":[{"start":{"line":1,"column":327},"end":{"line":1,"column":381}},{"start":{"line":1,"column":327},"end":{"line":1,"column":381}}]},"2":{"loc":{"start":{"line":1,"column":497},"end":{"line":1,"column":565}},"type":"if","locations":[{"start":{"line":1,"column":497},"end":{"line":1,"column":565}},{"start":{"line":1,"column":497},"end":{"line":1,"column":565}}]},"3":{"loc":{"start":{"line":1,"column":565},"end":{"line":1,"column":625}},"type":"if","locations":[{"start":{"line":1,"column":565},"end":{"line":1,"column":625}},{"start":{"line":1,"column":565},"end":{"line":1,"column":625}}]},"4":{"loc":{"start":{"line":1,"column":823},"end":{"line":1,"column":869}},"type":"cond-expr","locations":[{"start":{"line":1,"column":847},"end":{"line":1,"column":850}},{"start":{"line":1,"column":853},"end":{"line":1,"column":869}}]},"5":{"loc":{"start":{"line":1,"column":823},"end":{"line":1,"column":844}},"type":"binary-expr","locations":[{"start":{"line":1,"column":823},"end":{"line":1,"column":826}},{"start":{"line":1,"column":830},"end":{"line":1,"column":844}}]},"6":{"loc":{"start":{"line":1,"column":920},"end":{"line":1,"column":1019}},"type":"if","locations":[{"start":{"line":1,"column":920},"end":{"line":1,"column":1019}},{"start":{"line":1,"column":920},"end":{"line":1,"column":1019}}]},"7":{"loc":{"start":{"line":1,"column":1069},"end":{"line":1,"column":1168}},"type":"if","locations":[{"start":{"line":1,"column":1069},"end":{"line":1,"column":1168}},{"start":{"line":1,"column":1069},"end":{"line":1,"column":1168}}]},"8":{"loc":{"start":{"line":1,"column":1175},"end":{"line":1,"column":1253}},"type":"cond-expr","locations":[{"start":{"line":1,"column":1242},"end":{"line":1,"column":1246}},{"start":{"line":1,"column":1249},"end":{"line":1,"column":1253}}]},"9":{"loc":{"start":{"line":1,"column":1175},"end":{"line":1,"column":1239}},"type":"binary-expr","locations":[{"start":{"line":1,"column":1175},"end":{"line":1,"column":1179}},{"start":{"line":1,"column":1184},"end":{"line":1,"column":1208}},{"start":{"line":1,"column":1212},"end":{"line":1,"column":1238}}]},"10":{"loc":{"start":{"line":1,"column":1297},"end":{"line":1,"column":1460}},"type":"if","locations":[{"start":{"line":1,"column":1297},"end":{"line":1,"column":1460}},{"start":{"line":1,"column":1297},"end":{"line":1,"column":1460}}]},"11":{"loc":{"start":{"line":1,"column":1301},"end":{"line":1,"column":1356}},"type":"binary-expr","locations":[{"start":{"line":1,"column":1301},"end":{"line":1,"column":1333}},{"start":{"line":1,"column":1337},"end":{"line":1,"column":1356}}]},"12":{"loc":{"start":{"line":1,"column":1495},"end":{"line":1,"column":1529}},"type":"binary-expr","locations":[{"start":{"line":1,"column":1495},"end":{"line":1,"column":1505}},{"start":{"line":1,"column":1509},"end":{"line":1,"column":1529}}]},"13":{"loc":{"start":{"line":1,"column":1624},"end":{"line":1,"column":1742}},"type":"if","locations":[{"start":{"line":1,"column":1624},"end":{"line":1,"column":1742}},{"start":{"line":1,"column":1624},"end":{"line":1,"column":1742}}]},"14":{"loc":{"start":{"line":1,"column":1640},"end":{"line":1,"column":1741}},"type":"cond-expr","locations":[{"start":{"line":1,"column":1664},"end":{"line":1,"column":1707}},{"start":{"line":1,"column":1710},"end":{"line":1,"column":1741}}]},"15":{"loc":{"start":{"line":4,"column":140},"end":{"line":4,"column":183}},"type":"binary-expr","locations":[{"start":{"line":4,"column":140},"end":{"line":4,"column":153}},{"start":{"line":4,"column":157},"end":{"line":4,"column":183}}]}},"s":{"0":0,"1":0,"2":0,"3":0,"4":0,"5":0,"6":0,"7":0,"8":0,"9":0,"10":0,"11":0,"12":0,"13":0,"14":0,"15":0,"16":0,"17":0,"18":0,"19":0,"20":0,"21":0,"22":0,"23":0,"24":0,"25":0,"26":0,"27":0,"28":0,"29":0,"30":0,"31":0,"32":0},"f":{"0":0,"1":0,"2":0,"3":0,"4":0,"5":0,"6":0,"7":0,"8":0,"9":0},"b":{"0":[0,0],"1":[0,0],"2":[0,0],"3":[0,0],"4":[0,0],"5":[0,0],"6":[0,0],"7":[0,0],"8":[0,0],"9":[0,0,0],"10":[0,0],"11":[0,0],"12":[0,0],"13":[0,0],"14":[0,0],"15":[0,0]}}
,"C:\\Users\\viclon\\Desktop\\projects\\react-redux-router\\src\\js\\components\\post_index.js": {"path":"C:\\Users\\viclon\\Desktop\\projects\\react-redux-router\\src\\js\\components\\post_index.js","statementMap":{"0":{"start":{"line":1,"column":39},"end":{"line":1,"column":101}},"1":{"start":{"line":8,"column":238},"end":{"line":8,"column":337}},"2":{"start":{"line":8,"column":279},"end":{"line":8,"column":336}},"3":{"start":{"line":8,"column":387},"end":{"line":8,"column":486}},"4":{"start":{"line":8,"column":399},"end":{"line":8,"column":485}},"5":{"start":{"line":8,"column":486},"end":{"line":8,"column":572}},"6":{"start":{"line":8,"column":615},"end":{"line":8,"column":778}},"7":{"start":{"line":8,"column":677},"end":{"line":8,"column":777}},"8":{"start":{"line":8,"column":778},"end":{"line":8,"column":942}},"9":{"start":{"line":8,"column":942},"end":{"line":8,"column":1060}},"10":{"start":{"line":8,"column":958},"end":{"line":8,"column":1060}},"11":{"start":{"line":11,"column":16},"end":{"line":45,"column":83}},"12":{"start":{"line":11,"column":39},"end":{"line":11,"column":72}},"13":{"start":{"line":12,"column":126},"end":{"line":13,"column":11}},"14":{"start":{"line":45,"column":47},"end":{"line":45,"column":64}},"15":{"start":{"line":63,"column":2},"end":{"line":63,"column":62}}},"fnMap":{"0":{"name":"_classCallCheck","decl":{"start":{"line":8,"column":198},"end":{"line":8,"column":213}},"loc":{"start":{"line":8,"column":237},"end":{"line":8,"column":338}}},"1":{"name":"_possibleConstructorReturn","decl":{"start":{"line":8,"column":347},"end":{"line":8,"column":373}},"loc":{"start":{"line":8,"column":386},"end":{"line":8,"column":573}}},"2":{"name":"_inherits","decl":{"start":{"line":8,"column":582},"end":{"line":8,"column":591}},"loc":{"start":{"line":8,"column":614},"end":{"line":8,"column":1061}}},"3":{"name":"(anonymous_3)","decl":{"start":{"line":11,"column":16},"end":{"line":11,"column":17}},"loc":{"start":{"line":11,"column":38},"end":{"line":45,"column":65}}},"4":{"name":"PostIndex","decl":{"start":{"line":12,"column":37},"end":{"line":12,"column":46}},"loc":{"start":{"line":12,"column":54},"end":{"line":45,"column":47}}},"5":{"name":"mapStateToProps","decl":{"start":{"line":62,"column":9},"end":{"line":62,"column":24}},"loc":{"start":{"line":62,"column":32},"end":{"line":64,"column":1}}}},"branchMap":{"0":{"loc":{"start":{"line":8,"column":238},"end":{"line":8,"column":337}},"type":"if","locations":[{"start":{"line":8,"column":238},"end":{"line":8,"column":337}},{"start":{"line":8,"column":238},"end":{"line":8,"column":337}}]},"1":{"loc":{"start":{"line":8,"column":387},"end":{"line":8,"column":486}},"type":"if","locations":[{"start":{"line":8,"column":387},"end":{"line":8,"column":486}},{"start":{"line":8,"column":387},"end":{"line":8,"column":486}}]},"2":{"loc":{"start":{"line":8,"column":493},"end":{"line":8,"column":571}},"type":"cond-expr","locations":[{"start":{"line":8,"column":560},"end":{"line":8,"column":564}},{"start":{"line":8,"column":567},"end":{"line":8,"column":571}}]},"3":{"loc":{"start":{"line":8,"column":493},"end":{"line":8,"column":557}},"type":"binary-expr","locations":[{"start":{"line":8,"column":493},"end":{"line":8,"column":497}},{"start":{"line":8,"column":502},"end":{"line":8,"column":526}},{"start":{"line":8,"column":530},"end":{"line":8,"column":556}}]},"4":{"loc":{"start":{"line":8,"column":615},"end":{"line":8,"column":778}},"type":"if","locations":[{"start":{"line":8,"column":615},"end":{"line":8,"column":778}},{"start":{"line":8,"column":615},"end":{"line":8,"column":778}}]},"5":{"loc":{"start":{"line":8,"column":619},"end":{"line":8,"column":674}},"type":"binary-expr","locations":[{"start":{"line":8,"column":619},"end":{"line":8,"column":651}},{"start":{"line":8,"column":655},"end":{"line":8,"column":674}}]},"6":{"loc":{"start":{"line":8,"column":813},"end":{"line":8,"column":847}},"type":"binary-expr","locations":[{"start":{"line":8,"column":813},"end":{"line":8,"column":823}},{"start":{"line":8,"column":827},"end":{"line":8,"column":847}}]},"7":{"loc":{"start":{"line":8,"column":942},"end":{"line":8,"column":1060}},"type":"if","locations":[{"start":{"line":8,"column":942},"end":{"line":8,"column":1060}},{"start":{"line":8,"column":942},"end":{"line":8,"column":1060}}]},"8":{"loc":{"start":{"line":8,"column":958},"end":{"line":8,"column":1059}},"type":"cond-expr","locations":[{"start":{"line":8,"column":982},"end":{"line":8,"column":1025}},{"start":{"line":8,"column":1028},"end":{"line":8,"column":1059}}]},"9":{"loc":{"start":{"line":12,"column":160},"end":{"line":12,"column":215}},"type":"binary-expr","locations":[{"start":{"line":12,"column":160},"end":{"line":12,"column":179}},{"start":{"line":12,"column":183},"end":{"line":12,"column":215}}]}},"s":{"0":0,"1":0,"2":0,"3":0,"4":0,"5":0,"6":0,"7":0,"8":0,"9":0,"10":0,"11":0,"12":0,"13":0,"14":0,"15":0},"f":{"0":0,"1":0,"2":0,"3":0,"4":0,"5":0},"b":{"0":[0,0],"1":[0,0],"2":[0,0],"3":[0,0,0],"4":[0,0],"5":[0,0],"6":[0,0],"7":[0,0],"8":[0,0],"9":[0,0]}}
,"C:\\Users\\viclon\\Desktop\\projects\\react-redux-router\\src\\js\\components\\post_new.js": {"path":"C:\\Users\\viclon\\Desktop\\projects\\react-redux-router\\src\\js\\components\\post_new.js","statementMap":{"0":{"start":{"line":1,"column":39},"end":{"line":1,"column":101}},"1":{"start":{"line":1,"column":116},"end":{"line":1,"column":347}},"2":{"start":{"line":1,"column":152},"end":{"line":1,"column":332}},"3":{"start":{"line":1,"column":209},"end":{"line":1,"column":221}},"4":{"start":{"line":1,"column":222},"end":{"line":1,"column":331}},"5":{"start":{"line":1,"column":247},"end":{"line":1,"column":330}},"6":{"start":{"line":1,"column":303},"end":{"line":1,"column":329}},"7":{"start":{"line":1,"column":332},"end":{"line":1,"column":346}},"8":{"start":{"line":6,"column":236},"end":{"line":6,"column":335}},"9":{"start":{"line":6,"column":277},"end":{"line":6,"column":334}},"10":{"start":{"line":6,"column":385},"end":{"line":6,"column":484}},"11":{"start":{"line":6,"column":397},"end":{"line":6,"column":483}},"12":{"start":{"line":6,"column":484},"end":{"line":6,"column":570}},"13":{"start":{"line":6,"column":613},"end":{"line":6,"column":776}},"14":{"start":{"line":6,"column":675},"end":{"line":6,"column":775}},"15":{"start":{"line":6,"column":776},"end":{"line":6,"column":940}},"16":{"start":{"line":6,"column":940},"end":{"line":6,"column":1058}},"17":{"start":{"line":6,"column":956},"end":{"line":6,"column":1058}},"18":{"start":{"line":8,"column":11},"end":{"line":16,"column":37}},"19":{"start":{"line":8,"column":34},"end":{"line":8,"column":66}},"20":{"start":{"line":10,"column":124},"end":{"line":11,"column":11}},"21":{"start":{"line":11,"column":68},"end":{"line":11,"column":81}},"22":{"start":{"line":16,"column":2},"end":{"line":16,"column":18}},"23":{"start":{"line":111,"column":3389},"end":{"line":111,"column":3391}},"24":{"start":{"line":111,"column":3392},"end":{"line":111,"column":3447}},"25":{"start":{"line":111,"column":3412},"end":{"line":111,"column":3446}},"26":{"start":{"line":111,"column":3447},"end":{"line":111,"column":3512}},"27":{"start":{"line":111,"column":3472},"end":{"line":111,"column":3511}},"28":{"start":{"line":111,"column":3512},"end":{"line":111,"column":3573}},"29":{"start":{"line":111,"column":3534},"end":{"line":111,"column":3572}},"30":{"start":{"line":111,"column":3573},"end":{"line":111,"column":3587}},"31":{"start":{"line":116,"column":2},"end":{"line":116,"column":57}}},"fnMap":{"0":{"name":"(anonymous_0)","decl":{"start":{"line":1,"column":133},"end":{"line":1,"column":134}},"loc":{"start":{"line":1,"column":151},"end":{"line":1,"column":347}}},"1":{"name":"_classCallCheck","decl":{"start":{"line":6,"column":196},"end":{"line":6,"column":211}},"loc":{"start":{"line":6,"column":235},"end":{"line":6,"column":336}}},"2":{"name":"_possibleConstructorReturn","decl":{"start":{"line":6,"column":345},"end":{"line":6,"column":371}},"loc":{"start":{"line":6,"column":384},"end":{"line":6,"column":571}}},"3":{"name":"_inherits","decl":{"start":{"line":6,"column":580},"end":{"line":6,"column":589}},"loc":{"start":{"line":6,"column":612},"end":{"line":6,"column":1059}}},"4":{"name":"(anonymous_4)","decl":{"start":{"line":8,"column":11},"end":{"line":8,"column":12}},"loc":{"start":{"line":8,"column":33},"end":{"line":16,"column":19}}},"5":{"name":"PostsNew","decl":{"start":{"line":10,"column":37},"end":{"line":10,"column":45}},"loc":{"start":{"line":10,"column":53},"end":{"line":12,"column":3}}},"6":{"name":"validate","decl":{"start":{"line":111,"column":3358},"end":{"line":111,"column":3366}},"loc":{"start":{"line":111,"column":3375},"end":{"line":111,"column":3588}}},"7":{"name":"mapStateToProps","decl":{"start":{"line":115,"column":9},"end":{"line":115,"column":24}},"loc":{"start":{"line":115,"column":32},"end":{"line":117,"column":1}}}},"branchMap":{"0":{"loc":{"start":{"line":1,"column":116},"end":{"line":1,"column":347}},"type":"binary-expr","locations":[{"start":{"line":1,"column":116},"end":{"line":1,"column":129}},{"start":{"line":1,"column":133},"end":{"line":1,"column":347}}]},"1":{"loc":{"start":{"line":1,"column":247},"end":{"line":1,"column":330}},"type":"if","locations":[{"start":{"line":1,"column":247},"end":{"line":1,"column":330}},{"start":{"line":1,"column":247},"end":{"line":1,"column":330}}]},"2":{"loc":{"start":{"line":6,"column":236},"end":{"line":6,"column":335}},"type":"if","locations":[{"start":{"line":6,"column":236},"end":{"line":6,"column":335}},{"start":{"line":6,"column":236},"end":{"line":6,"column":335}}]},"3":{"loc":{"start":{"line":6,"column":385},"end":{"line":6,"column":484}},"type":"if","locations":[{"start":{"line":6,"column":385},"end":{"line":6,"column":484}},{"start":{"line":6,"column":385},"end":{"line":6,"column":484}}]},"4":{"loc":{"start":{"line":6,"column":491},"end":{"line":6,"column":569}},"type":"cond-expr","locations":[{"start":{"line":6,"column":558},"end":{"line":6,"column":562}},{"start":{"line":6,"column":565},"end":{"line":6,"column":569}}]},"5":{"loc":{"start":{"line":6,"column":491},"end":{"line":6,"column":555}},"type":"binary-expr","locations":[{"start":{"line":6,"column":491},"end":{"line":6,"column":495}},{"start":{"line":6,"column":500},"end":{"line":6,"column":524}},{"start":{"line":6,"column":528},"end":{"line":6,"column":554}}]},"6":{"loc":{"start":{"line":6,"column":613},"end":{"line":6,"column":776}},"type":"if","locations":[{"start":{"line":6,"column":613},"end":{"line":6,"column":776}},{"start":{"line":6,"column":613},"end":{"line":6,"column":776}}]},"7":{"loc":{"start":{"line":6,"column":617},"end":{"line":6,"column":672}},"type":"binary-expr","locations":[{"start":{"line":6,"column":617},"end":{"line":6,"column":649}},{"start":{"line":6,"column":653},"end":{"line":6,"column":672}}]},"8":{"loc":{"start":{"line":6,"column":811},"end":{"line":6,"column":845}},"type":"binary-expr","locations":[{"start":{"line":6,"column":811},"end":{"line":6,"column":821}},{"start":{"line":6,"column":825},"end":{"line":6,"column":845}}]},"9":{"loc":{"start":{"line":6,"column":940},"end":{"line":6,"column":1058}},"type":"if","locations":[{"start":{"line":6,"column":940},"end":{"line":6,"column":1058}},{"start":{"line":6,"column":940},"end":{"line":6,"column":1058}}]},"10":{"loc":{"start":{"line":6,"column":956},"end":{"line":6,"column":1057}},"type":"cond-expr","locations":[{"start":{"line":6,"column":980},"end":{"line":6,"column":1023}},{"start":{"line":6,"column":1026},"end":{"line":6,"column":1057}}]},"11":{"loc":{"start":{"line":10,"column":158},"end":{"line":10,"column":211}},"type":"binary-expr","locations":[{"start":{"line":10,"column":158},"end":{"line":10,"column":176}},{"start":{"line":10,"column":180},"end":{"line":10,"column":211}}]},"12":{"loc":{"start":{"line":111,"column":3392},"end":{"line":111,"column":3447}},"type":"if","locations":[{"start":{"line":111,"column":3392},"end":{"line":111,"column":3447}},{"start":{"line":111,"column":3392},"end":{"line":111,"column":3447}}]},"13":{"loc":{"start":{"line":111,"column":3447},"end":{"line":111,"column":3512}},"type":"if","locations":[{"start":{"line":111,"column":3447},"end":{"line":111,"column":3512}},{"start":{"line":111,"column":3447},"end":{"line":111,"column":3512}}]},"14":{"loc":{"start":{"line":111,"column":3512},"end":{"line":111,"column":3573}},"type":"if","locations":[{"start":{"line":111,"column":3512},"end":{"line":111,"column":3573}},{"start":{"line":111,"column":3512},"end":{"line":111,"column":3573}}]}},"s":{"0":0,"1":0,"2":0,"3":0,"4":0,"5":0,"6":0,"7":0,"8":0,"9":0,"10":0,"11":0,"12":0,"13":0,"14":0,"15":0,"16":0,"17":0,"18":0,"19":0,"20":0,"21":0,"22":0,"23":0,"24":0,"25":0,"26":0,"27":0,"28":0,"29":0,"30":0,"31":0},"f":{"0":0,"1":0,"2":0,"3":0,"4":0,"5":0,"6":0,"7":0},"b":{"0":[0,0],"1":[0,0],"2":[0,0],"3":[0,0],"4":[0,0],"5":[0,0,0],"6":[0,0],"7":[0,0],"8":[0,0],"9":[0,0],"10":[0,0],"11":[0,0],"12":[0,0],"13":[0,0],"14":[0,0]}}
,"C:\\Users\\viclon\\Desktop\\projects\\react-redux-router\\src\\js\\components\\post_show.js": {"path":"C:\\Users\\viclon\\Desktop\\projects\\react-redux-router\\src\\js\\components\\post_show.js","statementMap":{"0":{"start":{"line":1,"column":39},"end":{"line":1,"column":101}},"1":{"start":{"line":4,"column":238},"end":{"line":4,"column":337}},"2":{"start":{"line":4,"column":279},"end":{"line":4,"column":336}},"3":{"start":{"line":4,"column":387},"end":{"line":4,"column":486}},"4":{"start":{"line":4,"column":399},"end":{"line":4,"column":485}},"5":{"start":{"line":4,"column":486},"end":{"line":4,"column":572}},"6":{"start":{"line":4,"column":615},"end":{"line":4,"column":778}},"7":{"start":{"line":4,"column":677},"end":{"line":4,"column":777}},"8":{"start":{"line":4,"column":778},"end":{"line":4,"column":942}},"9":{"start":{"line":4,"column":942},"end":{"line":4,"column":1060}},"10":{"start":{"line":4,"column":958},"end":{"line":4,"column":1060}},"11":{"start":{"line":6,"column":11},"end":{"line":47,"column":118}},"12":{"start":{"line":6,"column":40},"end":{"line":6,"column":78}},"13":{"start":{"line":8,"column":124},"end":{"line":9,"column":11}},"14":{"start":{"line":47,"column":47},"end":{"line":47,"column":63}},"15":{"start":{"line":51,"column":2},"end":{"line":51,"column":60}}},"fnMap":{"0":{"name":"_classCallCheck","decl":{"start":{"line":4,"column":198},"end":{"line":4,"column":213}},"loc":{"start":{"line":4,"column":237},"end":{"line":4,"column":338}}},"1":{"name":"_possibleConstructorReturn","decl":{"start":{"line":4,"column":347},"end":{"line":4,"column":373}},"loc":{"start":{"line":4,"column":386},"end":{"line":4,"column":573}}},"2":{"name":"_inherits","decl":{"start":{"line":4,"column":582},"end":{"line":4,"column":591}},"loc":{"start":{"line":4,"column":614},"end":{"line":4,"column":1061}}},"3":{"name":"(anonymous_3)","decl":{"start":{"line":6,"column":11},"end":{"line":6,"column":12}},"loc":{"start":{"line":6,"column":39},"end":{"line":47,"column":64}}},"4":{"name":"PostShow","decl":{"start":{"line":8,"column":37},"end":{"line":8,"column":45}},"loc":{"start":{"line":8,"column":53},"end":{"line":47,"column":47}}},"5":{"name":"mapStateToProps","decl":{"start":{"line":50,"column":9},"end":{"line":50,"column":24}},"loc":{"start":{"line":50,"column":32},"end":{"line":52,"column":1}}}},"branchMap":{"0":{"loc":{"start":{"line":4,"column":238},"end":{"line":4,"column":337}},"type":"if","locations":[{"start":{"line":4,"column":238},"end":{"line":4,"column":337}},{"start":{"line":4,"column":238},"end":{"line":4,"column":337}}]},"1":{"loc":{"start":{"line":4,"column":387},"end":{"line":4,"column":486}},"type":"if","locations":[{"start":{"line":4,"column":387},"end":{"line":4,"column":486}},{"start":{"line":4,"column":387},"end":{"line":4,"column":486}}]},"2":{"loc":{"start":{"line":4,"column":493},"end":{"line":4,"column":571}},"type":"cond-expr","locations":[{"start":{"line":4,"column":560},"end":{"line":4,"column":564}},{"start":{"line":4,"column":567},"end":{"line":4,"column":571}}]},"3":{"loc":{"start":{"line":4,"column":493},"end":{"line":4,"column":557}},"type":"binary-expr","locations":[{"start":{"line":4,"column":493},"end":{"line":4,"column":497}},{"start":{"line":4,"column":502},"end":{"line":4,"column":526}},{"start":{"line":4,"column":530},"end":{"line":4,"column":556}}]},"4":{"loc":{"start":{"line":4,"column":615},"end":{"line":4,"column":778}},"type":"if","locations":[{"start":{"line":4,"column":615},"end":{"line":4,"column":778}},{"start":{"line":4,"column":615},"end":{"line":4,"column":778}}]},"5":{"loc":{"start":{"line":4,"column":619},"end":{"line":4,"column":674}},"type":"binary-expr","locations":[{"start":{"line":4,"column":619},"end":{"line":4,"column":651}},{"start":{"line":4,"column":655},"end":{"line":4,"column":674}}]},"6":{"loc":{"start":{"line":4,"column":813},"end":{"line":4,"column":847}},"type":"binary-expr","locations":[{"start":{"line":4,"column":813},"end":{"line":4,"column":823}},{"start":{"line":4,"column":827},"end":{"line":4,"column":847}}]},"7":{"loc":{"start":{"line":4,"column":942},"end":{"line":4,"column":1060}},"type":"if","locations":[{"start":{"line":4,"column":942},"end":{"line":4,"column":1060}},{"start":{"line":4,"column":942},"end":{"line":4,"column":1060}}]},"8":{"loc":{"start":{"line":4,"column":958},"end":{"line":4,"column":1059}},"type":"cond-expr","locations":[{"start":{"line":4,"column":982},"end":{"line":4,"column":1025}},{"start":{"line":4,"column":1028},"end":{"line":4,"column":1059}}]},"9":{"loc":{"start":{"line":8,"column":158},"end":{"line":8,"column":211}},"type":"binary-expr","locations":[{"start":{"line":8,"column":158},"end":{"line":8,"column":176}},{"start":{"line":8,"column":180},"end":{"line":8,"column":211}}]}},"s":{"0":0,"1":0,"2":0,"3":0,"4":0,"5":0,"6":0,"7":0,"8":0,"9":0,"10":0,"11":0,"12":0,"13":0,"14":0,"15":0},"f":{"0":0,"1":0,"2":0,"3":0,"4":0,"5":0},"b":{"0":[0,0],"1":[0,0],"2":[0,0],"3":[0,0,0],"4":[0,0],"5":[0,0],"6":[0,0],"7":[0,0],"8":[0,0],"9":[0,0]}}
,"C:\\Users\\viclon\\Desktop\\projects\\react-redux-router\\src\\js\\reducers\\reducer_create_post.js": {"path":"C:\\Users\\viclon\\Desktop\\projects\\react-redux-router\\src\\js\\reducers\\reducer_create_post.js","statementMap":{"0":{"start":{"line":1,"column":39},"end":{"line":1,"column":101}},"1":{"start":{"line":1,"column":116},"end":{"line":1,"column":347}},"2":{"start":{"line":1,"column":152},"end":{"line":1,"column":332}},"3":{"start":{"line":1,"column":209},"end":{"line":1,"column":221}},"4":{"start":{"line":1,"column":222},"end":{"line":1,"column":331}},"5":{"start":{"line":1,"column":247},"end":{"line":1,"column":330}},"6":{"start":{"line":1,"column":303},"end":{"line":1,"column":329}},"7":{"start":{"line":1,"column":332},"end":{"line":1,"column":346}},"8":{"start":{"line":1,"column":348},"end":{"line":28,"column":2}},"9":{"start":{"line":9,"column":2},"end":{"line":26,"column":20}},"10":{"start":{"line":11,"column":6},"end":{"line":11,"column":35}},"11":{"start":{"line":12,"column":6},"end":{"line":12,"column":19}},"12":{"start":{"line":13,"column":6},"end":{"line":13,"column":12}},"13":{"start":{"line":16,"column":6},"end":{"line":16,"column":43}},"14":{"start":{"line":17,"column":6},"end":{"line":17,"column":19}},"15":{"start":{"line":18,"column":6},"end":{"line":18,"column":12}},"16":{"start":{"line":21,"column":6},"end":{"line":21,"column":43}},"17":{"start":{"line":22,"column":6},"end":{"line":22,"column":104}},"18":{"start":{"line":23,"column":6},"end":{"line":23,"column":12}},"19":{"start":{"line":26,"column":6},"end":{"line":26,"column":19}},"20":{"start":{"line":29,"column":20},"end":{"line":29,"column":42}}},"fnMap":{"0":{"name":"(anonymous_0)","decl":{"start":{"line":1,"column":133},"end":{"line":1,"column":134}},"loc":{"start":{"line":1,"column":151},"end":{"line":1,"column":347}}},"1":{"name":"(anonymous_1)","decl":{"start":{"line":8,"column":0},"end":{"line":8,"column":1}},"loc":{"start":{"line":8,"column":12},"end":{"line":28,"column":1}}}},"branchMap":{"0":{"loc":{"start":{"line":1,"column":116},"end":{"line":1,"column":347}},"type":"binary-expr","locations":[{"start":{"line":1,"column":116},"end":{"line":1,"column":129}},{"start":{"line":1,"column":133},"end":{"line":1,"column":347}}]},"1":{"loc":{"start":{"line":1,"column":247},"end":{"line":1,"column":330}},"type":"if","locations":[{"start":{"line":1,"column":247},"end":{"line":1,"column":330}},{"start":{"line":1,"column":247},"end":{"line":1,"column":330}}]},"2":{"loc":{"start":{"line":9,"column":2},"end":{"line":26,"column":20}},"type":"switch","locations":[{"start":{"line":10,"column":4},"end":{"line":13,"column":12}},{"start":{"line":15,"column":4},"end":{"line":18,"column":12}},{"start":{"line":20,"column":4},"end":{"line":23,"column":12}},{"start":{"line":25,"column":4},"end":{"line":26,"column":19}}]}},"s":{"0":0,"1":0,"2":0,"3":0,"4":0,"5":0,"6":0,"7":0,"8":0,"9":0,"10":0,"11":0,"12":0,"13":0,"14":0,"15":0,"16":0,"17":0,"18":0,"19":0,"20":0},"f":{"0":0,"1":0},"b":{"0":[0,0],"1":[0,0],"2":[0,0,0,0]}}
,"C:\\Users\\viclon\\Desktop\\projects\\react-redux-router\\src\\js\\reducers\\reducer_show_post.js": {"path":"C:\\Users\\viclon\\Desktop\\projects\\react-redux-router\\src\\js\\reducers\\reducer_show_post.js","statementMap":{"0":{"start":{"line":4,"column":22},"end":{"line":8,"column":1}},"1":{"start":{"line":11,"column":2},"end":{"line":28,"column":3}},"2":{"start":{"line":14,"column":6},"end":{"line":14,"column":42}},"3":{"start":{"line":15,"column":6},"end":{"line":15,"column":19}},"4":{"start":{"line":18,"column":4},"end":{"line":18,"column":48}},"5":{"start":{"line":20,"column":6},"end":{"line":20,"column":57}},"6":{"start":{"line":23,"column":4},"end":{"line":23,"column":48}},"7":{"start":{"line":24,"column":6},"end":{"line":24,"column":51}},"8":{"start":{"line":27,"column":6},"end":{"line":27,"column":19}}},"fnMap":{"0":{"name":"(anonymous_0)","decl":{"start":{"line":10,"column":15},"end":{"line":10,"column":16}},"loc":{"start":{"line":10,"column":55},"end":{"line":29,"column":1}}}},"branchMap":{"0":{"loc":{"start":{"line":10,"column":25},"end":{"line":10,"column":46}},"type":"default-arg","locations":[{"start":{"line":10,"column":33},"end":{"line":10,"column":46}}]},"1":{"loc":{"start":{"line":11,"column":2},"end":{"line":28,"column":3}},"type":"switch","locations":[{"start":{"line":13,"column":4},"end":{"line":15,"column":19}},{"start":{"line":17,"column":4},"end":{"line":20,"column":57}},{"start":{"line":22,"column":4},"end":{"line":24,"column":51}},{"start":{"line":26,"column":4},"end":{"line":27,"column":19}}]}},"s":{"0":1,"1":4,"2":1,"3":1,"4":1,"5":1,"6":1,"7":1,"8":1},"f":{"0":4},"b":{"0":[0],"1":[1,1,1,1]},"_coverageSchema":"332fd63041d2c1bcb487cc26dd0d5f7d97098a6c","hash":"87043a499f733914c56e91a5a149fc6555f87bec"}
,"C:\\Users\\viclon\\Desktop\\projects\\react-redux-router\\src\\js\\reducers\\reducer_show_posts.js": {"path":"C:\\Users\\viclon\\Desktop\\projects\\react-redux-router\\src\\js\\reducers\\reducer_show_posts.js","statementMap":{"0":{"start":{"line":1,"column":39},"end":{"line":1,"column":101}},"1":{"start":{"line":1,"column":116},"end":{"line":1,"column":347}},"2":{"start":{"line":1,"column":152},"end":{"line":1,"column":332}},"3":{"start":{"line":1,"column":209},"end":{"line":1,"column":221}},"4":{"start":{"line":1,"column":222},"end":{"line":1,"column":331}},"5":{"start":{"line":1,"column":247},"end":{"line":1,"column":330}},"6":{"start":{"line":1,"column":303},"end":{"line":1,"column":329}},"7":{"start":{"line":1,"column":332},"end":{"line":1,"column":346}},"8":{"start":{"line":1,"column":348},"end":{"line":35,"column":2}},"9":{"start":{"line":13,"column":2},"end":{"line":33,"column":20}},"10":{"start":{"line":16,"column":6},"end":{"line":16,"column":36}},"11":{"start":{"line":17,"column":6},"end":{"line":17,"column":19}},"12":{"start":{"line":18,"column":6},"end":{"line":18,"column":12}},"13":{"start":{"line":21,"column":6},"end":{"line":21,"column":44}},"14":{"start":{"line":23,"column":6},"end":{"line":23,"column":91}},"15":{"start":{"line":24,"column":6},"end":{"line":24,"column":12}},"16":{"start":{"line":27,"column":6},"end":{"line":27,"column":44}},"17":{"start":{"line":29,"column":6},"end":{"line":29,"column":97}},"18":{"start":{"line":30,"column":6},"end":{"line":30,"column":12}},"19":{"start":{"line":33,"column":6},"end":{"line":33,"column":19}},"20":{"start":{"line":36,"column":20},"end":{"line":38,"column":27}}},"fnMap":{"0":{"name":"(anonymous_0)","decl":{"start":{"line":1,"column":133},"end":{"line":1,"column":134}},"loc":{"start":{"line":1,"column":151},"end":{"line":1,"column":347}}},"1":{"name":"(anonymous_1)","decl":{"start":{"line":12,"column":0},"end":{"line":12,"column":1}},"loc":{"start":{"line":12,"column":12},"end":{"line":35,"column":1}}}},"branchMap":{"0":{"loc":{"start":{"line":1,"column":116},"end":{"line":1,"column":347}},"type":"binary-expr","locations":[{"start":{"line":1,"column":116},"end":{"line":1,"column":129}},{"start":{"line":1,"column":133},"end":{"line":1,"column":347}}]},"1":{"loc":{"start":{"line":1,"column":247},"end":{"line":1,"column":330}},"type":"if","locations":[{"start":{"line":1,"column":247},"end":{"line":1,"column":330}},{"start":{"line":1,"column":247},"end":{"line":1,"column":330}}]},"2":{"loc":{"start":{"line":13,"column":2},"end":{"line":33,"column":20}},"type":"switch","locations":[{"start":{"line":15,"column":4},"end":{"line":18,"column":12}},{"start":{"line":20,"column":4},"end":{"line":24,"column":12}},{"start":{"line":26,"column":4},"end":{"line":30,"column":12}},{"start":{"line":32,"column":4},"end":{"line":33,"column":19}}]}},"s":{"0":0,"1":0,"2":0,"3":0,"4":0,"5":0,"6":0,"7":0,"8":0,"9":0,"10":0,"11":0,"12":0,"13":0,"14":0,"15":0,"16":0,"17":0,"18":0,"19":0,"20":0},"f":{"0":0,"1":0},"b":{"0":[0,0],"1":[0,0],"2":[0,0,0,0]}}
}
